<?xml version="1.0" encoding="UTF-8"?>
<testng-results ignored="0" total="1" passed="1" failed="0" skipped="0">
  <reporter-output>
  </reporter-output>
  <suite started-at="2022-03-12T05:05:50Z" name="Default suite" finished-at="2022-03-12T05:05:56Z" duration-ms="5495">
    <groups>
    </groups>
    <test started-at="2022-03-12T05:05:50Z" name="Default test" finished-at="2022-03-12T05:05:56Z" duration-ms="5495">
      <class name="com.qa.testcases.NewTest">
        <test-method is-config="true" signature="beforeclass()[pri:0, instance:com.qa.testcases.NewTest@15a34df2]" started-at="2022-03-12T05:05:50Z" name="beforeclass" finished-at="2022-03-12T05:05:56Z" duration-ms="5186" status="PASS">
          <reporter-output>
          </reporter-output>
        </test-method> <!-- beforeclass -->
        <test-method signature="f()[pri:0, instance:com.qa.testcases.NewTest@15a34df2]" started-at="2022-03-12T05:05:56Z" name="f" finished-at="2022-03-12T05:05:56Z" duration-ms="144" status="PASS">
          <reporter-output>
          </reporter-output>
        </test-method> <!-- f -->
        <test-method is-config="true" signature="afterclass()[pri:0, instance:com.qa.testcases.NewTest@15a34df2]" started-at="2022-03-12T05:05:56Z" name="afterclass" finished-at="2022-03-12T05:05:56Z" duration-ms="147" status="PASS">
          <reporter-output>
          </reporter-output>
        </test-method> <!-- afterclass -->
      </class> <!-- com.qa.testcases.NewTest -->
    </test> <!-- Default test -->
  </suite> <!-- Default suite -->
</testng-results>
